INFO - 2023-05-30 07:08:34 --> Session: Class initialized using 'CodeIgniter\Session\Handlers\FileHandler' driver.
INFO - 2023-05-30 07:08:37 --> Session: Class initialized using 'CodeIgniter\Session\Handlers\FileHandler' driver.
INFO - 2023-05-30 07:08:48 --> Session: Class initialized using 'CodeIgniter\Session\Handlers\FileHandler' driver.
INFO - 2023-05-30 07:08:48 --> Session: Class initialized using 'CodeIgniter\Session\Handlers\FileHandler' driver.
CRITICAL - 2023-05-30 07:57:51 --> Unmatched '}'
in APPPATH\Controllers\Home.php on line 247.
 1 SYSTEMPATH\Autoloader\Autoloader.php(289): CodeIgniter\Autoloader\Autoloader->includeFile('C:\\wamp64\\www\\github\\E.B.V\\app\\Controllers\\Home.php')
 2 SYSTEMPATH\Autoloader\Autoloader.php(267): CodeIgniter\Autoloader\Autoloader->loadInNamespace('App\\Controllers\\Home')
 3 [internal function]: CodeIgniter\Autoloader\Autoloader->loadClass('App\\Controllers\\Home')
 4 SYSTEMPATH\CodeIgniter.php(892): class_exists('\\App\\Controllers\\Home', true)
 5 SYSTEMPATH\CodeIgniter.php(486): CodeIgniter\CodeIgniter->startController()
 6 SYSTEMPATH\CodeIgniter.php(368): CodeIgniter\CodeIgniter->handleRequest(null, Object(Config\Cache), false)
 7 FCPATH\index.php(67): CodeIgniter\CodeIgniter->run()
 8 SYSTEMPATH\Commands\Server\rewrite.php(47): require_once('C:\\wamp64\\www\\github\\E.B.V\\public\\index.php')
INFO - 2023-05-30 07:58:28 --> Session: Class initialized using 'CodeIgniter\Session\Handlers\FileHandler' driver.
INFO - 2023-05-30 07:58:28 --> Session: Class initialized using 'CodeIgniter\Session\Handlers\FileHandler' driver.
INFO - 2023-05-30 07:58:35 --> Session: Class initialized using 'CodeIgniter\Session\Handlers\FileHandler' driver.
INFO - 2023-05-30 07:58:35 --> Session: Class initialized using 'CodeIgniter\Session\Handlers\FileHandler' driver.
INFO - 2023-05-30 08:02:00 --> Session: Class initialized using 'CodeIgniter\Session\Handlers\FileHandler' driver.
INFO - 2023-05-30 08:02:00 --> Session: Class initialized using 'CodeIgniter\Session\Handlers\FileHandler' driver.
INFO - 2023-05-30 08:02:00 --> Session: Class initialized using 'CodeIgniter\Session\Handlers\FileHandler' driver.
INFO - 2023-05-30 08:02:08 --> Session: Class initialized using 'CodeIgniter\Session\Handlers\FileHandler' driver.
CRITICAL - 2023-05-30 08:02:08 --> Class "App\Model\UserModel" not found
in APPPATH\Controllers\Home.php on line 170.
 1 SYSTEMPATH\CodeIgniter.php(934): App\Controllers\Home->login()
 2 SYSTEMPATH\CodeIgniter.php(499): CodeIgniter\CodeIgniter->runController(Object(App\Controllers\Home))
 3 SYSTEMPATH\CodeIgniter.php(368): CodeIgniter\CodeIgniter->handleRequest(null, Object(Config\Cache), false)
 4 FCPATH\index.php(67): CodeIgniter\CodeIgniter->run()
 5 SYSTEMPATH\Commands\Server\rewrite.php(47): require_once('C:\\wamp64\\www\\github\\E.B.V\\public\\index.php')
INFO - 2023-05-30 08:02:12 --> Session: Class initialized using 'CodeIgniter\Session\Handlers\FileHandler' driver.
INFO - 2023-05-30 08:02:51 --> Session: Class initialized using 'CodeIgniter\Session\Handlers\FileHandler' driver.
INFO - 2023-05-30 08:02:51 --> Session: Class initialized using 'CodeIgniter\Session\Handlers\FileHandler' driver.
INFO - 2023-05-30 08:02:53 --> Session: Class initialized using 'CodeIgniter\Session\Handlers\FileHandler' driver.
ERROR - 2023-05-30 08:03:17 --> Error connecting to the database: mysqli_sql_exception: Accès refusé pour l'utilisateur: 'admin'@'@localhost' (mot de passe: OUI) in C:\wamp64\www\github\E.B.V\system\Database\MySQLi\Connection.php:173
Stack trace:
#0 C:\wamp64\www\github\E.B.V\system\Database\MySQLi\Connection.php(173): mysqli->real_connect('localhost', 'admin', Object(SensitiveParameterValue), 'base_de_donnees', 3306, '', 0)
#1 C:\wamp64\www\github\E.B.V\system\Database\BaseConnection.php(391): CodeIgniter\Database\MySQLi\Connection->connect(false)
#2 C:\wamp64\www\github\E.B.V\system\Database\BaseConnection.php(574): CodeIgniter\Database\BaseConnection->initialize()
#3 C:\wamp64\www\github\E.B.V\system\Database\BaseBuilder.php(2309): CodeIgniter\Database\BaseConnection->query('INSERT INTO `us...', Array, false)
#4 C:\wamp64\www\github\E.B.V\system\Model.php(330): CodeIgniter\Database\BaseBuilder->insert()
#5 C:\wamp64\www\github\E.B.V\system\BaseModel.php(782): CodeIgniter\Model->doInsert(Array)
#6 C:\wamp64\www\github\E.B.V\system\Model.php(730): CodeIgniter\BaseModel->insert(Array, true)
#7 C:\wamp64\www\github\E.B.V\app\Controllers\Home.php(137): CodeIgniter\Model->insert(Array)
#8 C:\wamp64\www\github\E.B.V\system\CodeIgniter.php(934): App\Controllers\Home->register()
#9 C:\wamp64\www\github\E.B.V\system\CodeIgniter.php(499): CodeIgniter\CodeIgniter->runController(Object(App\Controllers\Home))
#10 C:\wamp64\www\github\E.B.V\system\CodeIgniter.php(368): CodeIgniter\CodeIgniter->handleRequest(NULL, Object(Config\Cache), false)
#11 C:\wamp64\www\github\E.B.V\public\index.php(67): CodeIgniter\CodeIgniter->run()
#12 C:\wamp64\www\github\E.B.V\system\Commands\Server\rewrite.php(47): require_once('C:\\wamp64\\www\\g...')
#13 {main}

Next CodeIgniter\Database\Exceptions\DatabaseException: Accès refusé pour l'utilisateur: '****'@'@localhost' (mot de passe: OUI) in C:\wamp64\www\github\E.B.V\system\Database\MySQLi\Connection.php:218
Stack trace:
#0 C:\wamp64\www\github\E.B.V\system\Database\BaseConnection.php(391): CodeIgniter\Database\MySQLi\Connection->connect(false)
#1 C:\wamp64\www\github\E.B.V\system\Database\BaseConnection.php(574): CodeIgniter\Database\BaseConnection->initialize()
#2 C:\wamp64\www\github\E.B.V\system\Database\BaseBuilder.php(2309): CodeIgniter\Database\BaseConnection->query('INSERT INTO `us...', Array, false)
#3 C:\wamp64\www\github\E.B.V\system\Model.php(330): CodeIgniter\Database\BaseBuilder->insert()
#4 C:\wamp64\www\github\E.B.V\system\BaseModel.php(782): CodeIgniter\Model->doInsert(Array)
#5 C:\wamp64\www\github\E.B.V\system\Model.php(730): CodeIgniter\BaseModel->insert(Array, true)
#6 C:\wamp64\www\github\E.B.V\app\Controllers\Home.php(137): CodeIgniter\Model->insert(Array)
#7 C:\wamp64\www\github\E.B.V\system\CodeIgniter.php(934): App\Controllers\Home->register()
#8 C:\wamp64\www\github\E.B.V\system\CodeIgniter.php(499): CodeIgniter\CodeIgniter->runController(Object(App\Controllers\Home))
#9 C:\wamp64\www\github\E.B.V\system\CodeIgniter.php(368): CodeIgniter\CodeIgniter->handleRequest(NULL, Object(Config\Cache), false)
#10 C:\wamp64\www\github\E.B.V\public\index.php(67): CodeIgniter\CodeIgniter->run()
#11 C:\wamp64\www\github\E.B.V\system\Commands\Server\rewrite.php(47): require_once('C:\\wamp64\\www\\g...')
#12 {main}
CRITICAL - 2023-05-30 08:03:17 --> Unable to connect to the database.
Main connection [MySQLi]: Accès refusé pour l'utilisateur: '****'@'@localhost' (mot de passe: OUI)
in SYSTEMPATH\Database\BaseConnection.php on line 427.
 1 SYSTEMPATH\Database\BaseConnection.php(574): CodeIgniter\Database\BaseConnection->initialize()
 2 SYSTEMPATH\Database\BaseBuilder.php(2309): CodeIgniter\Database\BaseConnection->query('INSERT INTO `users` (`username`, `email`, `password`) VALUES (:username:, :email:, :password:)', [...], false)
 3 SYSTEMPATH\Model.php(330): CodeIgniter\Database\BaseBuilder->insert()
 4 SYSTEMPATH\BaseModel.php(782): CodeIgniter\Model->doInsert([...])
 5 SYSTEMPATH\Model.php(730): CodeIgniter\BaseModel->insert([...], true)
 6 APPPATH\Controllers\Home.php(137): CodeIgniter\Model->insert([...])
 7 SYSTEMPATH\CodeIgniter.php(934): App\Controllers\Home->register()
 8 SYSTEMPATH\CodeIgniter.php(499): CodeIgniter\CodeIgniter->runController(Object(App\Controllers\Home))
 9 SYSTEMPATH\CodeIgniter.php(368): CodeIgniter\CodeIgniter->handleRequest(null, Object(Config\Cache), false)
10 FCPATH\index.php(67): CodeIgniter\CodeIgniter->run()
11 SYSTEMPATH\Commands\Server\rewrite.php(47): require_once('C:\\wamp64\\www\\github\\E.B.V\\public\\index.php')
INFO - 2023-05-30 08:03:26 --> Session: Class initialized using 'CodeIgniter\Session\Handlers\FileHandler' driver.
INFO - 2023-05-30 08:03:31 --> Session: Class initialized using 'CodeIgniter\Session\Handlers\FileHandler' driver.
INFO - 2023-05-30 08:03:31 --> Session: Class initialized using 'CodeIgniter\Session\Handlers\FileHandler' driver.
INFO - 2023-05-30 08:03:45 --> Session: Class initialized using 'CodeIgniter\Session\Handlers\FileHandler' driver.
INFO - 2023-05-30 08:03:59 --> Session: Class initialized using 'CodeIgniter\Session\Handlers\FileHandler' driver.
INFO - 2023-05-30 08:04:00 --> Session: Class initialized using 'CodeIgniter\Session\Handlers\FileHandler' driver.
CRITICAL - 2023-05-30 08:17:19 --> syntax error, unexpected token "class", expecting "function" or "const"
in APPPATH\Controllers\Home.php on line 151.
 1 SYSTEMPATH\Autoloader\Autoloader.php(289): CodeIgniter\Autoloader\Autoloader->includeFile('C:\\wamp64\\www\\github\\E.B.V\\app\\Controllers\\Home.php')
 2 SYSTEMPATH\Autoloader\Autoloader.php(267): CodeIgniter\Autoloader\Autoloader->loadInNamespace('App\\Controllers\\Home')
 3 [internal function]: CodeIgniter\Autoloader\Autoloader->loadClass('App\\Controllers\\Home')
 4 SYSTEMPATH\CodeIgniter.php(892): class_exists('\\App\\Controllers\\Home', true)
 5 SYSTEMPATH\CodeIgniter.php(486): CodeIgniter\CodeIgniter->startController()
 6 SYSTEMPATH\CodeIgniter.php(368): CodeIgniter\CodeIgniter->handleRequest(null, Object(Config\Cache), false)
 7 FCPATH\index.php(67): CodeIgniter\CodeIgniter->run()
 8 SYSTEMPATH\Commands\Server\rewrite.php(47): require_once('C:\\wamp64\\www\\github\\E.B.V\\public\\index.php')
INFO - 2023-05-30 08:18:17 --> Session: Class initialized using 'CodeIgniter\Session\Handlers\FileHandler' driver.
INFO - 2023-05-30 08:18:21 --> Session: Class initialized using 'CodeIgniter\Session\Handlers\FileHandler' driver.
INFO - 2023-05-30 08:18:23 --> Session: Class initialized using 'CodeIgniter\Session\Handlers\FileHandler' driver.
INFO - 2023-05-30 08:18:25 --> Session: Class initialized using 'CodeIgniter\Session\Handlers\FileHandler' driver.
INFO - 2023-05-30 08:18:33 --> Session: Class initialized using 'CodeIgniter\Session\Handlers\FileHandler' driver.
INFO - 2023-05-30 08:18:33 --> Session: Class initialized using 'CodeIgniter\Session\Handlers\FileHandler' driver.
INFO - 2023-05-30 08:25:13 --> Session: Class initialized using 'CodeIgniter\Session\Handlers\FileHandler' driver.
INFO - 2023-05-30 08:25:13 --> Session: Class initialized using 'CodeIgniter\Session\Handlers\FileHandler' driver.
INFO - 2023-05-30 08:25:20 --> Session: Class initialized using 'CodeIgniter\Session\Handlers\FileHandler' driver.
INFO - 2023-05-30 08:25:23 --> Session: Class initialized using 'CodeIgniter\Session\Handlers\FileHandler' driver.
INFO - 2023-05-30 08:25:23 --> Session: Class initialized using 'CodeIgniter\Session\Handlers\FileHandler' driver.
INFO - 2023-05-30 08:25:28 --> Session: Class initialized using 'CodeIgniter\Session\Handlers\FileHandler' driver.
INFO - 2023-05-30 08:25:34 --> Session: Class initialized using 'CodeIgniter\Session\Handlers\FileHandler' driver.
INFO - 2023-05-30 08:25:48 --> Session: Class initialized using 'CodeIgniter\Session\Handlers\FileHandler' driver.
INFO - 2023-05-30 08:25:49 --> Session: Class initialized using 'CodeIgniter\Session\Handlers\FileHandler' driver.
ERROR - 2023-05-30 08:26:02 --> Error connecting to the database: mysqli_sql_exception: Accès refusé pour l'utilisateur: 'admin'@'@localhost' (mot de passe: OUI) in C:\wamp64\www\github\E.B.V\system\Database\MySQLi\Connection.php:173
Stack trace:
#0 C:\wamp64\www\github\E.B.V\system\Database\MySQLi\Connection.php(173): mysqli->real_connect('localhost', 'admin', Object(SensitiveParameterValue), 'base_de_donnees', 3306, '', 0)
#1 C:\wamp64\www\github\E.B.V\system\Database\BaseConnection.php(391): CodeIgniter\Database\MySQLi\Connection->connect(false)
#2 C:\wamp64\www\github\E.B.V\system\Database\BaseConnection.php(574): CodeIgniter\Database\BaseConnection->initialize()
#3 C:\wamp64\www\github\E.B.V\system\Database\BaseBuilder.php(2309): CodeIgniter\Database\BaseConnection->query('INSERT INTO `us...', Array, false)
#4 C:\wamp64\www\github\E.B.V\system\Model.php(330): CodeIgniter\Database\BaseBuilder->insert()
#5 C:\wamp64\www\github\E.B.V\system\BaseModel.php(782): CodeIgniter\Model->doInsert(Array)
#6 C:\wamp64\www\github\E.B.V\system\Model.php(730): CodeIgniter\BaseModel->insert(Array, true)
#7 C:\wamp64\www\github\E.B.V\app\Controllers\Home.php(138): CodeIgniter\Model->insert(Array)
#8 C:\wamp64\www\github\E.B.V\system\CodeIgniter.php(934): App\Controllers\Home->register()
#9 C:\wamp64\www\github\E.B.V\system\CodeIgniter.php(499): CodeIgniter\CodeIgniter->runController(Object(App\Controllers\Home))
#10 C:\wamp64\www\github\E.B.V\system\CodeIgniter.php(368): CodeIgniter\CodeIgniter->handleRequest(NULL, Object(Config\Cache), false)
#11 C:\wamp64\www\github\E.B.V\public\index.php(67): CodeIgniter\CodeIgniter->run()
#12 C:\wamp64\www\github\E.B.V\system\Commands\Server\rewrite.php(47): require_once('C:\\wamp64\\www\\g...')
#13 {main}

Next CodeIgniter\Database\Exceptions\DatabaseException: Accès refusé pour l'utilisateur: '****'@'@localhost' (mot de passe: OUI) in C:\wamp64\www\github\E.B.V\system\Database\MySQLi\Connection.php:218
Stack trace:
#0 C:\wamp64\www\github\E.B.V\system\Database\BaseConnection.php(391): CodeIgniter\Database\MySQLi\Connection->connect(false)
#1 C:\wamp64\www\github\E.B.V\system\Database\BaseConnection.php(574): CodeIgniter\Database\BaseConnection->initialize()
#2 C:\wamp64\www\github\E.B.V\system\Database\BaseBuilder.php(2309): CodeIgniter\Database\BaseConnection->query('INSERT INTO `us...', Array, false)
#3 C:\wamp64\www\github\E.B.V\system\Model.php(330): CodeIgniter\Database\BaseBuilder->insert()
#4 C:\wamp64\www\github\E.B.V\system\BaseModel.php(782): CodeIgniter\Model->doInsert(Array)
#5 C:\wamp64\www\github\E.B.V\system\Model.php(730): CodeIgniter\BaseModel->insert(Array, true)
#6 C:\wamp64\www\github\E.B.V\app\Controllers\Home.php(138): CodeIgniter\Model->insert(Array)
#7 C:\wamp64\www\github\E.B.V\system\CodeIgniter.php(934): App\Controllers\Home->register()
#8 C:\wamp64\www\github\E.B.V\system\CodeIgniter.php(499): CodeIgniter\CodeIgniter->runController(Object(App\Controllers\Home))
#9 C:\wamp64\www\github\E.B.V\system\CodeIgniter.php(368): CodeIgniter\CodeIgniter->handleRequest(NULL, Object(Config\Cache), false)
#10 C:\wamp64\www\github\E.B.V\public\index.php(67): CodeIgniter\CodeIgniter->run()
#11 C:\wamp64\www\github\E.B.V\system\Commands\Server\rewrite.php(47): require_once('C:\\wamp64\\www\\g...')
#12 {main}
CRITICAL - 2023-05-30 08:26:02 --> Unable to connect to the database.
Main connection [MySQLi]: Accès refusé pour l'utilisateur: '****'@'@localhost' (mot de passe: OUI)
in SYSTEMPATH\Database\BaseConnection.php on line 427.
 1 SYSTEMPATH\Database\BaseConnection.php(574): CodeIgniter\Database\BaseConnection->initialize()
 2 SYSTEMPATH\Database\BaseBuilder.php(2309): CodeIgniter\Database\BaseConnection->query('INSERT INTO `users` (`username`, `email`, `password`) VALUES (:username:, :email:, :password:)', [...], false)
 3 SYSTEMPATH\Model.php(330): CodeIgniter\Database\BaseBuilder->insert()
 4 SYSTEMPATH\BaseModel.php(782): CodeIgniter\Model->doInsert([...])
 5 SYSTEMPATH\Model.php(730): CodeIgniter\BaseModel->insert([...], true)
 6 APPPATH\Controllers\Home.php(138): CodeIgniter\Model->insert([...])
 7 SYSTEMPATH\CodeIgniter.php(934): App\Controllers\Home->register()
 8 SYSTEMPATH\CodeIgniter.php(499): CodeIgniter\CodeIgniter->runController(Object(App\Controllers\Home))
 9 SYSTEMPATH\CodeIgniter.php(368): CodeIgniter\CodeIgniter->handleRequest(null, Object(Config\Cache), false)
10 FCPATH\index.php(67): CodeIgniter\CodeIgniter->run()
11 SYSTEMPATH\Commands\Server\rewrite.php(47): require_once('C:\\wamp64\\www\\github\\E.B.V\\public\\index.php')
INFO - 2023-05-30 08:27:36 --> Session: Class initialized using 'CodeIgniter\Session\Handlers\FileHandler' driver.
INFO - 2023-05-30 08:27:39 --> Session: Class initialized using 'CodeIgniter\Session\Handlers\FileHandler' driver.
INFO - 2023-05-30 08:27:46 --> Session: Class initialized using 'CodeIgniter\Session\Handlers\FileHandler' driver.
INFO - 2023-05-30 08:27:47 --> Session: Class initialized using 'CodeIgniter\Session\Handlers\FileHandler' driver.
INFO - 2023-05-30 08:37:10 --> Session: Class initialized using 'CodeIgniter\Session\Handlers\FileHandler' driver.
INFO - 2023-05-30 08:37:17 --> Session: Class initialized using 'CodeIgniter\Session\Handlers\FileHandler' driver.
ERROR - 2023-05-30 08:37:17 --> Error connecting to the database: mysqli_sql_exception: Base 'base_de_donnees' inconnue in C:\wamp64\www\github\E.B.V\system\Database\MySQLi\Connection.php:173
Stack trace:
#0 C:\wamp64\www\github\E.B.V\system\Database\MySQLi\Connection.php(173): mysqli->real_connect('localhost', 'root', Object(SensitiveParameterValue), 'base_de_donnees', 3306, '', 0)
#1 C:\wamp64\www\github\E.B.V\system\Database\BaseConnection.php(391): CodeIgniter\Database\MySQLi\Connection->connect(false)
#2 C:\wamp64\www\github\E.B.V\system\Database\BaseConnection.php(574): CodeIgniter\Database\BaseConnection->initialize()
#3 C:\wamp64\www\github\E.B.V\system\Database\BaseBuilder.php(1616): CodeIgniter\Database\BaseConnection->query('SELECT *\nFROM `...', Array, false)
#4 C:\wamp64\www\github\E.B.V\system\Model.php(268): CodeIgniter\Database\BaseBuilder->get()
#5 C:\wamp64\www\github\E.B.V\system\BaseModel.php(656): CodeIgniter\Model->doFirst()
#6 C:\wamp64\www\github\E.B.V\app\Controllers\Home.php(169): CodeIgniter\BaseModel->first()
#7 C:\wamp64\www\github\E.B.V\system\CodeIgniter.php(934): App\Controllers\Home->login()
#8 C:\wamp64\www\github\E.B.V\system\CodeIgniter.php(499): CodeIgniter\CodeIgniter->runController(Object(App\Controllers\Home))
#9 C:\wamp64\www\github\E.B.V\system\CodeIgniter.php(368): CodeIgniter\CodeIgniter->handleRequest(NULL, Object(Config\Cache), false)
#10 C:\wamp64\www\github\E.B.V\public\index.php(67): CodeIgniter\CodeIgniter->run()
#11 C:\wamp64\www\github\E.B.V\system\Commands\Server\rewrite.php(47): require_once('C:\\wamp64\\www\\g...')
#12 {main}

Next CodeIgniter\Database\Exceptions\DatabaseException: Base 'base_de_donnees' inconnue in C:\wamp64\www\github\E.B.V\system\Database\MySQLi\Connection.php:218
Stack trace:
#0 C:\wamp64\www\github\E.B.V\system\Database\BaseConnection.php(391): CodeIgniter\Database\MySQLi\Connection->connect(false)
#1 C:\wamp64\www\github\E.B.V\system\Database\BaseConnection.php(574): CodeIgniter\Database\BaseConnection->initialize()
#2 C:\wamp64\www\github\E.B.V\system\Database\BaseBuilder.php(1616): CodeIgniter\Database\BaseConnection->query('SELECT *\nFROM `...', Array, false)
#3 C:\wamp64\www\github\E.B.V\system\Model.php(268): CodeIgniter\Database\BaseBuilder->get()
#4 C:\wamp64\www\github\E.B.V\system\BaseModel.php(656): CodeIgniter\Model->doFirst()
#5 C:\wamp64\www\github\E.B.V\app\Controllers\Home.php(169): CodeIgniter\BaseModel->first()
#6 C:\wamp64\www\github\E.B.V\system\CodeIgniter.php(934): App\Controllers\Home->login()
#7 C:\wamp64\www\github\E.B.V\system\CodeIgniter.php(499): CodeIgniter\CodeIgniter->runController(Object(App\Controllers\Home))
#8 C:\wamp64\www\github\E.B.V\system\CodeIgniter.php(368): CodeIgniter\CodeIgniter->handleRequest(NULL, Object(Config\Cache), false)
#9 C:\wamp64\www\github\E.B.V\public\index.php(67): CodeIgniter\CodeIgniter->run()
#10 C:\wamp64\www\github\E.B.V\system\Commands\Server\rewrite.php(47): require_once('C:\\wamp64\\www\\g...')
#11 {main}
CRITICAL - 2023-05-30 08:37:17 --> Unable to connect to the database.
Main connection [MySQLi]: Base 'base_de_donnees' inconnue
in SYSTEMPATH\Database\BaseConnection.php on line 427.
 1 SYSTEMPATH\Database\BaseConnection.php(574): CodeIgniter\Database\BaseConnection->initialize()
 2 SYSTEMPATH\Database\BaseBuilder.php(1616): CodeIgniter\Database\BaseConnection->query('SELECT *
FROM `users`
WHERE `email` = :email:
 LIMIT 1', [...], false)
 3 SYSTEMPATH\Model.php(268): CodeIgniter\Database\BaseBuilder->get()
 4 SYSTEMPATH\BaseModel.php(656): CodeIgniter\Model->doFirst()
 5 APPPATH\Controllers\Home.php(169): CodeIgniter\BaseModel->first()
 6 SYSTEMPATH\CodeIgniter.php(934): App\Controllers\Home->login()
 7 SYSTEMPATH\CodeIgniter.php(499): CodeIgniter\CodeIgniter->runController(Object(App\Controllers\Home))
 8 SYSTEMPATH\CodeIgniter.php(368): CodeIgniter\CodeIgniter->handleRequest(null, Object(Config\Cache), false)
 9 FCPATH\index.php(67): CodeIgniter\CodeIgniter->run()
10 SYSTEMPATH\Commands\Server\rewrite.php(47): require_once('C:\\wamp64\\www\\github\\E.B.V\\public\\index.php')
INFO - 2023-05-30 08:38:08 --> Session: Class initialized using 'CodeIgniter\Session\Handlers\FileHandler' driver.
ERROR - 2023-05-30 08:38:08 --> Error connecting to the database: mysqli_sql_exception: Base 'base_de_donnã©e' inconnue in C:\wamp64\www\github\E.B.V\system\Database\MySQLi\Connection.php:173
Stack trace:
#0 C:\wamp64\www\github\E.B.V\system\Database\MySQLi\Connection.php(173): mysqli->real_connect('localhost', 'root', Object(SensitiveParameterValue), 'base_de_donn\xC3\xA9e', 3306, '', 0)
#1 C:\wamp64\www\github\E.B.V\system\Database\BaseConnection.php(391): CodeIgniter\Database\MySQLi\Connection->connect(false)
#2 C:\wamp64\www\github\E.B.V\system\Database\BaseConnection.php(574): CodeIgniter\Database\BaseConnection->initialize()
#3 C:\wamp64\www\github\E.B.V\system\Database\BaseBuilder.php(1616): CodeIgniter\Database\BaseConnection->query('SELECT *\nFROM `...', Array, false)
#4 C:\wamp64\www\github\E.B.V\system\Model.php(268): CodeIgniter\Database\BaseBuilder->get()
#5 C:\wamp64\www\github\E.B.V\system\BaseModel.php(656): CodeIgniter\Model->doFirst()
#6 C:\wamp64\www\github\E.B.V\app\Controllers\Home.php(169): CodeIgniter\BaseModel->first()
#7 C:\wamp64\www\github\E.B.V\system\CodeIgniter.php(934): App\Controllers\Home->login()
#8 C:\wamp64\www\github\E.B.V\system\CodeIgniter.php(499): CodeIgniter\CodeIgniter->runController(Object(App\Controllers\Home))
#9 C:\wamp64\www\github\E.B.V\system\CodeIgniter.php(368): CodeIgniter\CodeIgniter->handleRequest(NULL, Object(Config\Cache), false)
#10 C:\wamp64\www\github\E.B.V\public\index.php(67): CodeIgniter\CodeIgniter->run()
#11 C:\wamp64\www\github\E.B.V\system\Commands\Server\rewrite.php(47): require_once('C:\\wamp64\\www\\g...')
#12 {main}

Next CodeIgniter\Database\Exceptions\DatabaseException: Base 'base_de_donnã©e' inconnue in C:\wamp64\www\github\E.B.V\system\Database\MySQLi\Connection.php:218
Stack trace:
#0 C:\wamp64\www\github\E.B.V\system\Database\BaseConnection.php(391): CodeIgniter\Database\MySQLi\Connection->connect(false)
#1 C:\wamp64\www\github\E.B.V\system\Database\BaseConnection.php(574): CodeIgniter\Database\BaseConnection->initialize()
#2 C:\wamp64\www\github\E.B.V\system\Database\BaseBuilder.php(1616): CodeIgniter\Database\BaseConnection->query('SELECT *\nFROM `...', Array, false)
#3 C:\wamp64\www\github\E.B.V\system\Model.php(268): CodeIgniter\Database\BaseBuilder->get()
#4 C:\wamp64\www\github\E.B.V\system\BaseModel.php(656): CodeIgniter\Model->doFirst()
#5 C:\wamp64\www\github\E.B.V\app\Controllers\Home.php(169): CodeIgniter\BaseModel->first()
#6 C:\wamp64\www\github\E.B.V\system\CodeIgniter.php(934): App\Controllers\Home->login()
#7 C:\wamp64\www\github\E.B.V\system\CodeIgniter.php(499): CodeIgniter\CodeIgniter->runController(Object(App\Controllers\Home))
#8 C:\wamp64\www\github\E.B.V\system\CodeIgniter.php(368): CodeIgniter\CodeIgniter->handleRequest(NULL, Object(Config\Cache), false)
#9 C:\wamp64\www\github\E.B.V\public\index.php(67): CodeIgniter\CodeIgniter->run()
#10 C:\wamp64\www\github\E.B.V\system\Commands\Server\rewrite.php(47): require_once('C:\\wamp64\\www\\g...')
#11 {main}
CRITICAL - 2023-05-30 08:38:08 --> Unable to connect to the database.
Main connection [MySQLi]: Base 'base_de_donnã©e' inconnue
in SYSTEMPATH\Database\BaseConnection.php on line 427.
 1 SYSTEMPATH\Database\BaseConnection.php(574): CodeIgniter\Database\BaseConnection->initialize()
 2 SYSTEMPATH\Database\BaseBuilder.php(1616): CodeIgniter\Database\BaseConnection->query('SELECT *
FROM `users`
WHERE `email` = :email:
 LIMIT 1', [...], false)
 3 SYSTEMPATH\Model.php(268): CodeIgniter\Database\BaseBuilder->get()
 4 SYSTEMPATH\BaseModel.php(656): CodeIgniter\Model->doFirst()
 5 APPPATH\Controllers\Home.php(169): CodeIgniter\BaseModel->first()
 6 SYSTEMPATH\CodeIgniter.php(934): App\Controllers\Home->login()
 7 SYSTEMPATH\CodeIgniter.php(499): CodeIgniter\CodeIgniter->runController(Object(App\Controllers\Home))
 8 SYSTEMPATH\CodeIgniter.php(368): CodeIgniter\CodeIgniter->handleRequest(null, Object(Config\Cache), false)
 9 FCPATH\index.php(67): CodeIgniter\CodeIgniter->run()
10 SYSTEMPATH\Commands\Server\rewrite.php(47): require_once('C:\\wamp64\\www\\github\\E.B.V\\public\\index.php')
INFO - 2023-05-30 08:42:24 --> Session: Class initialized using 'CodeIgniter\Session\Handlers\FileHandler' driver.
INFO - 2023-05-30 08:42:24 --> Session: Class initialized using 'CodeIgniter\Session\Handlers\FileHandler' driver.
INFO - 2023-05-30 08:42:27 --> Session: Class initialized using 'CodeIgniter\Session\Handlers\FileHandler' driver.
INFO - 2023-05-30 08:43:01 --> Session: Class initialized using 'CodeIgniter\Session\Handlers\FileHandler' driver.
INFO - 2023-05-30 08:43:01 --> Session: Class initialized using 'CodeIgniter\Session\Handlers\FileHandler' driver.
INFO - 2023-05-30 08:43:16 --> Session: Class initialized using 'CodeIgniter\Session\Handlers\FileHandler' driver.
INFO - 2023-05-30 08:43:31 --> Session: Class initialized using 'CodeIgniter\Session\Handlers\FileHandler' driver.
INFO - 2023-05-30 08:43:38 --> Session: Class initialized using 'CodeIgniter\Session\Handlers\FileHandler' driver.
INFO - 2023-05-30 08:43:38 --> Session: Class initialized using 'CodeIgniter\Session\Handlers\FileHandler' driver.
INFO - 2023-05-30 08:43:48 --> Session: Class initialized using 'CodeIgniter\Session\Handlers\FileHandler' driver.
INFO - 2023-05-30 08:43:48 --> Session: Class initialized using 'CodeIgniter\Session\Handlers\FileHandler' driver.
INFO - 2023-05-30 08:44:25 --> Session: Class initialized using 'CodeIgniter\Session\Handlers\FileHandler' driver.
INFO - 2023-05-30 08:44:25 --> Session: Class initialized using 'CodeIgniter\Session\Handlers\FileHandler' driver.
INFO - 2023-05-30 08:44:28 --> Session: Class initialized using 'CodeIgniter\Session\Handlers\FileHandler' driver.
INFO - 2023-05-30 08:44:28 --> Session: Class initialized using 'CodeIgniter\Session\Handlers\FileHandler' driver.
INFO - 2023-05-30 08:44:30 --> Session: Class initialized using 'CodeIgniter\Session\Handlers\FileHandler' driver.
INFO - 2023-05-30 08:44:30 --> Session: Class initialized using 'CodeIgniter\Session\Handlers\FileHandler' driver.
INFO - 2023-05-30 08:48:22 --> Session: Class initialized using 'CodeIgniter\Session\Handlers\FileHandler' driver.
INFO - 2023-05-30 08:48:22 --> Session: Class initialized using 'CodeIgniter\Session\Handlers\FileHandler' driver.
INFO - 2023-05-30 08:57:13 --> Session: Class initialized using 'CodeIgniter\Session\Handlers\FileHandler' driver.
INFO - 2023-05-30 08:57:16 --> Session: Class initialized using 'CodeIgniter\Session\Handlers\FileHandler' driver.
INFO - 2023-05-30 08:57:23 --> Session: Class initialized using 'CodeIgniter\Session\Handlers\FileHandler' driver.
INFO - 2023-05-30 08:57:23 --> Session: Class initialized using 'CodeIgniter\Session\Handlers\FileHandler' driver.
INFO - 2023-05-30 08:57:32 --> Session: Class initialized using 'CodeIgniter\Session\Handlers\FileHandler' driver.
INFO - 2023-05-30 08:57:32 --> Session: Class initialized using 'CodeIgniter\Session\Handlers\FileHandler' driver.
INFO - 2023-05-30 09:01:29 --> Session: Class initialized using 'CodeIgniter\Session\Handlers\FileHandler' driver.
CRITICAL - 2023-05-30 09:01:29 --> Class "App\Model\UserModel" not found
in APPPATH\Controllers\Home.php on line 169.
 1 SYSTEMPATH\CodeIgniter.php(934): App\Controllers\Home->login()
 2 SYSTEMPATH\CodeIgniter.php(499): CodeIgniter\CodeIgniter->runController(Object(App\Controllers\Home))
 3 SYSTEMPATH\CodeIgniter.php(368): CodeIgniter\CodeIgniter->handleRequest(null, Object(Config\Cache), false)
 4 FCPATH\index.php(67): CodeIgniter\CodeIgniter->run()
 5 SYSTEMPATH\Commands\Server\rewrite.php(47): require_once('C:\\wamp64\\www\\github\\E.B.V\\public\\index.php')
INFO - 2023-05-30 09:02:01 --> Session: Class initialized using 'CodeIgniter\Session\Handlers\FileHandler' driver.
INFO - 2023-05-30 09:02:02 --> Session: Class initialized using 'CodeIgniter\Session\Handlers\FileHandler' driver.
INFO - 2023-05-30 09:02:05 --> Session: Class initialized using 'CodeIgniter\Session\Handlers\FileHandler' driver.
INFO - 2023-05-30 09:02:05 --> Session: Class initialized using 'CodeIgniter\Session\Handlers\FileHandler' driver.
INFO - 2023-05-30 09:02:08 --> Session: Class initialized using 'CodeIgniter\Session\Handlers\FileHandler' driver.
INFO - 2023-05-30 09:02:28 --> Session: Class initialized using 'CodeIgniter\Session\Handlers\FileHandler' driver.
INFO - 2023-05-30 09:02:32 --> Session: Class initialized using 'CodeIgniter\Session\Handlers\FileHandler' driver.
INFO - 2023-05-30 09:03:09 --> Session: Class initialized using 'CodeIgniter\Session\Handlers\FileHandler' driver.
INFO - 2023-05-30 09:03:09 --> Session: Class initialized using 'CodeIgniter\Session\Handlers\FileHandler' driver.
INFO - 2023-05-30 09:04:00 --> Session: Class initialized using 'CodeIgniter\Session\Handlers\FileHandler' driver.
INFO - 2023-05-30 09:04:00 --> Session: Class initialized using 'CodeIgniter\Session\Handlers\FileHandler' driver.
INFO - 2023-05-30 09:10:34 --> Session: Class initialized using 'CodeIgniter\Session\Handlers\FileHandler' driver.
INFO - 2023-05-30 09:10:36 --> Session: Class initialized using 'CodeIgniter\Session\Handlers\FileHandler' driver.
INFO - 2023-05-30 09:10:44 --> Session: Class initialized using 'CodeIgniter\Session\Handlers\FileHandler' driver.
INFO - 2023-05-30 09:10:45 --> Session: Class initialized using 'CodeIgniter\Session\Handlers\FileHandler' driver.
